INFO  time: initialize in 0.67s
WARN  no build tool detected in workspace '/home/asia/studia/scala - laboratoria/lab1'. The most common cause for this problem is that the editor was opened in the wrong working directory, for example if you use sbt then the workspace directory should contain build.sbt. 
WARN  no build target: /home/asia/studia/scala - laboratoria/lab1/lab1.scala
WARN  no build target: /home/asia/studia/scala - laboratoria/lab1/hello.scala
WARN  no build target: /home/asia/studia/scala - laboratoria/lab1/cw1.scala
WARN  no build target: /home/asia/studia/scala - laboratoria/lab1/lab1a.scala
WARN  no build target: /home/asia/studia/scala - laboratoria/lab1/cw1.scala
WARN  no build target: /home/asia/studia/scala - laboratoria/lab1/lab1.scala
WARN  no build target: /home/asia/studia/scala - laboratoria/lab1/lab1a.scala
INFO  no build target: using presentation compiler with only scala-library
WARN  no build tool detected in workspace '/home/asia/studia/scala - laboratoria/lab1'. The most common cause for this problem is that the editor was opened in the wrong working directory, for example if you use sbt then the workspace directory should contain build.sbt. 
INFO  time: initialize in 2.63s
WARN  no build tool detected in workspace '/home/asia/studia/scala - laboratoria/lab1'. The most common cause for this problem is that the editor was opened in the wrong working directory, for example if you use sbt then the workspace directory should contain build.sbt. 
WARN  no build target: /home/asia/studia/scala - laboratoria/lab1/lab1a.scala
INFO  shutting down Metals
INFO  time: initialize in 0.5s
WARN  no build tool detected in workspace '/home/asia/studia/scala - laboratoria/lab1'. The most common cause for this problem is that the editor was opened in the wrong working directory, for example if you use sbt then the workspace directory should contain build.sbt. 
WARN  no build target: /home/asia/studia/scala - laboratoria/lab1/lab1a.scala
INFO  time: initialize in 0.93s
WARN  no build tool detected in workspace '/home/asia/studia/scala - laboratoria/lab1'. The most common cause for this problem is that the editor was opened in the wrong working directory, for example if you use sbt then the workspace directory should contain build.sbt. 
WARN  no build target: /home/asia/studia/scala - laboratoria/lab1/lab1a.scala
INFO  no build target: using presentation compiler with only scala-library
WARN  no build target: /home/asia/studia/scala - laboratoria/lab1/test.scala
WARN  no build target: /home/asia/studia/scala - laboratoria/lab1/test.scala
WARN  no build target: /home/asia/studia/scala - laboratoria/lab1/test.scala
WARN  no build target: 
WARN  no build target: /home/asia/studia/scala - laboratoria/lab1/test.scala
WARN  no build target: 
WARN  no build tool detected in workspace '/home/asia/studia/scala - laboratoria/lab1'. The most common cause for this problem is that the editor was opened in the wrong working directory, for example if you use sbt then the workspace directory should contain build.sbt. 
WARN  no build target: /home/asia/studia/scala - laboratoria/lab1/test.scala
WARN  no build target: 
WARN  no build target: /home/asia/studia/scala - laboratoria/lab1/test.scala
WARN  no build target: 
WARN  no build target: /home/asia/studia/scala - laboratoria/lab1/bulid.sbt
WARN  no build target: /home/asia/studia/scala - laboratoria/lab1/bulid.sbt
WARN  no build target: /home/asia/studia/scala - laboratoria/lab1/bulid.sbt
WARN  no build target: 
WARN  no build target: /home/asia/studia/scala - laboratoria/lab1/bulid.sbt
WARN  no build target: 
WARN  no build target: /home/asia/studia/scala - laboratoria/lab1/project/build.properties
  /home/asia/studia/scala - laboratoria/lab1/project/build.properties
WARN  no build target: /home/asia/studia/scala - laboratoria/lab1/cw1.scala
WARN  code navigation does not work for the file '/home/asia/studia/scala - laboratoria/lab1/cw1.scala' because it doesn't belong to a build target.
WARN  no build target: /home/asia/studia/scala - laboratoria/lab1/cw1.scala
WARN  no build target: 
WARN  no build target: /home/asia/studia/scala - laboratoria/lab1/hello.scala
WARN  no build target: /home/asia/studia/scala - laboratoria/lab1/hello.scala
WARN  no build target: 
WARN  no build target: /home/asia/studia/scala - laboratoria/lab1/lab1.scala
WARN  code navigation does not work for the file '/home/asia/studia/scala - laboratoria/lab1/lab1.scala' because it doesn't belong to a build target.
WARN  code navigation does not work for the file '/home/asia/studia/scala - laboratoria/lab1/lab1.scala' because it doesn't belong to a build target.
WARN  code navigation does not work for the file '/home/asia/studia/scala - laboratoria/lab1/lab1.scala' because it doesn't belong to a build target.
WARN  no build target: /home/asia/studia/scala - laboratoria/lab1/lab1.scala
WARN  no build target: 
WARN  no build target: /home/asia/studia/scala - laboratoria/lab1/lab1a.scala
WARN  no build target: 
WARN  no build target: /home/asia/studia/scala - laboratoria/lab1/test.scala
WARN  no build target: 
WARN  no build target: /home/asia/studia/scala - laboratoria/lab1/bulid.sbt
WARN  no build target: 
WARN  no build target: /home/asia/studia/scala - laboratoria/lab1/bulid.sbt
WARN  no build target: 
WARN  no build target: /home/asia/studia/scala - laboratoria/lab1/test.scala
WARN  no build target: 
WARN  code navigation does not work for the file '/home/asia/studia/scala - laboratoria/lab1/test.scala' because it doesn't belong to a build target.
WARN  code navigation does not work for the file '/home/asia/studia/scala - laboratoria/lab1/test.scala' because it doesn't belong to a build target.
kwi 02, 2021 6:12:52 PM scala.meta.internal.pc.CompilerAccess retryWithCleanCompiler
INFO: compiler crashed due to an error in the Scala compiler, retrying with new compiler instance.
WARN  no build target: /home/asia/studia/scala - laboratoria/lab1/test.scala
WARN  no build target: 
kwi 02, 2021 6:12:52 PM scala.meta.internal.pc.CompilerAccess handleError
SEVERE: no context found for source-file:///home/asia/studia/scala%20-%20laboratoria/lab1/test.scala,line-1,offset=17
scala.reflect.internal.FatalError: no context found for source-file:///home/asia/studia/scala%20-%20laboratoria/lab1/test.scala,line-1,offset=17
	at scala.tools.nsc.interactive.CompilerControl.$anonfun$doLocateContext$1(CompilerControl.scala:100)
	at scala.tools.nsc.interactive.CompilerControl.doLocateContext(CompilerControl.scala:100)
	at scala.tools.nsc.interactive.CompilerControl.doLocateContext$(CompilerControl.scala:99)
	at scala.tools.nsc.interactive.Global.doLocateContext(Global.scala:113)
	at scala.meta.internal.pc.PcDefinitionProvider.definitionTypedTreeAt(PcDefinitionProvider.scala:94)
	at scala.meta.internal.pc.PcDefinitionProvider.definition(PcDefinitionProvider.scala:22)

WARN  no build target: /home/asia/studia/scala - laboratoria/lab1/test.scala
WARN  no build target: 
WARN  no build target: /home/asia/studia/scala - laboratoria/lab1/test.scala
WARN  no build target: 
WARN  code navigation does not work for the file '/home/asia/studia/scala - laboratoria/lab1/test.scala' because it doesn't belong to a build target.
kwi 02, 2021 6:13:19 PM scala.meta.internal.pc.CompilerAccess retryWithCleanCompiler
INFO: compiler crashed due to an error in the Scala compiler, retrying with new compiler instance.
kwi 02, 2021 6:13:19 PM scala.meta.internal.pc.CompilerAccess handleError
SEVERE: no context found for source-file:///home/asia/studia/scala%20-%20laboratoria/lab1/test.scala,line-3,offset=32
scala.reflect.internal.FatalError: no context found for source-file:///home/asia/studia/scala%20-%20laboratoria/lab1/test.scala,line-3,offset=32
	at scala.tools.nsc.interactive.CompilerControl.$anonfun$doLocateContext$1(CompilerControl.scala:100)
	at scala.tools.nsc.interactive.CompilerControl.doLocateContext(CompilerControl.scala:100)
	at scala.tools.nsc.interactive.CompilerControl.doLocateContext$(CompilerControl.scala:99)
	at scala.tools.nsc.interactive.Global.doLocateContext(Global.scala:113)
	at scala.meta.internal.pc.PcDefinitionProvider.definitionTypedTreeAt(PcDefinitionProvider.scala:94)
	at scala.meta.internal.pc.PcDefinitionProvider.definition(PcDefinitionProvider.scala:22)

WARN  code navigation does not work for the file '/home/asia/studia/scala - laboratoria/lab1/test.scala' because it doesn't belong to a build target.
WARN  no build target: /home/asia/studia/scala - laboratoria/lab1/test.scala
WARN  no build target: 
kwi 02, 2021 6:13:20 PM scala.meta.internal.pc.CompilerAccess retryWithCleanCompiler
INFO: compiler crashed due to an error in the Scala compiler, retrying with new compiler instance.
kwi 02, 2021 6:13:20 PM scala.meta.internal.pc.CompilerAccess handleError
SEVERE: no context found for source-file:///home/asia/studia/scala%20-%20laboratoria/lab1/test.scala,line-3,offset=32
scala.reflect.internal.FatalError: no context found for source-file:///home/asia/studia/scala%20-%20laboratoria/lab1/test.scala,line-3,offset=32
	at scala.tools.nsc.interactive.CompilerControl.$anonfun$doLocateContext$1(CompilerControl.scala:100)
	at scala.tools.nsc.interactive.CompilerControl.doLocateContext(CompilerControl.scala:100)
	at scala.tools.nsc.interactive.CompilerControl.doLocateContext$(CompilerControl.scala:99)
	at scala.tools.nsc.interactive.Global.doLocateContext(Global.scala:113)
	at scala.meta.internal.pc.PcDefinitionProvider.definitionTypedTreeAt(PcDefinitionProvider.scala:94)
	at scala.meta.internal.pc.PcDefinitionProvider.definition(PcDefinitionProvider.scala:22)

WARN  no build target: /home/asia/studia/scala - laboratoria/lab1/bulid.sbt
WARN  no build target: 
INFO  shutting down Metals
